<?xml version="1.0" encoding="UTF-8"?>
<!-- Generated by org.testng.reporters.JUnitReportReporter -->
<testsuite skipped="0" hostname="VELINDIA" name="testcases.MergeLeadTest" tests="1" failures="0" timestamp="2021-06-25T09:57:25 IST" time="214.162" errors="0">
  <testcase name="runVerifyMergedLead" time="214.162" classname="testcases.MergeLeadTest"/>
  <system-out/>
</testsuite> <!-- testcases.MergeLeadTest -->
