<?xml version="1.0" encoding="UTF-8"?>
<!-- Generated by org.testng.reporters.JUnitReportReporter -->
<testsuite skipped="0" hostname="VELINDIA" name="testcases.LoginPropertyFileTest" tests="1" failures="0" timestamp="2021-06-20T09:41:08 IST" time="17.159" errors="0">
  <testcase name="runLogin" time="17.159" classname="testcases.LoginPropertyFileTest"/>
  <system-out/>
</testsuite> <!-- testcases.LoginPropertyFileTest -->
