<?xml version="1.0" encoding="UTF-8"?>
<!-- Generated by org.testng.reporters.JUnitReportReporter -->
<testsuite skipped="0" hostname="VELINDIA" name="testcases.CreateLeadTest" tests="6" failures="0" timestamp="2021-06-25T09:57:25 IST" time="380.915" errors="0">
  <testcase name="runVerifyFirstName" time="73.597" classname="testcases.CreateLeadTest"/>
  <system-out/>
  <testcase name="runVerifyFirstName" time="66.785" classname="testcases.CreateLeadTest"/>
  <system-out/>
  <testcase name="runVerifyFirstName" time="67.929" classname="testcases.CreateLeadTest"/>
  <system-out/>
  <testcase name="runVerifyFirstName" time="57.781" classname="testcases.CreateLeadTest"/>
  <system-out/>
  <testcase name="runVerifyFirstName" time="54.951" classname="testcases.CreateLeadTest"/>
  <system-out/>
  <testcase name="runVerifyFirstName" time="59.872" classname="testcases.CreateLeadTest"/>
  <system-out/>
</testsuite> <!-- testcases.CreateLeadTest -->
