<?xml version="1.0" encoding="UTF-8"?>
<!-- Generated by org.testng.reporters.JUnitReportReporter -->
<testsuite skipped="0" hostname="VELINDIA" name="testcases.DuplicateLeadTest" tests="6" failures="0" timestamp="2021-06-25T09:57:25 IST" time="507.349" errors="0">
  <testcase name="runVerifyDuplicateLeadTitleAndFirstName" time="89.057" classname="testcases.DuplicateLeadTest"/>
  <system-out/>
  <testcase name="runVerifyDuplicateLeadTitleAndFirstName" time="79.818" classname="testcases.DuplicateLeadTest"/>
  <system-out/>
  <testcase name="runVerifyDuplicateLeadTitleAndFirstName" time="83.404" classname="testcases.DuplicateLeadTest"/>
  <system-out/>
  <testcase name="runVerifyDuplicateLeadTitleAndFirstName" time="82.760" classname="testcases.DuplicateLeadTest"/>
  <system-out/>
  <testcase name="runVerifyDuplicateLeadTitleAndFirstName" time="87.666" classname="testcases.DuplicateLeadTest"/>
  <system-out/>
  <testcase name="runVerifyDuplicateLeadTitleAndFirstName" time="84.644" classname="testcases.DuplicateLeadTest"/>
  <system-out/>
</testsuite> <!-- testcases.DuplicateLeadTest -->
