<?xml version="1.0" encoding="UTF-8"?>
<!-- Generated by org.testng.reporters.JUnitReportReporter -->
<testsuite skipped="0" hostname="VELINDIA" name="testcases.DeleteLeadTest" tests="1" failures="0" timestamp="2021-06-25T09:57:25 IST" time="173.179" errors="0">
  <testcase name="runVerifyLeadDeleted" time="173.179" classname="testcases.DeleteLeadTest"/>
  <system-out/>
</testsuite> <!-- testcases.DeleteLeadTest -->
