<?xml version="1.0" encoding="UTF-8"?>
<!-- Generated by org.testng.reporters.JUnitReportReporter -->
<testsuite skipped="0" hostname="VELINDIA" name="testcases.CreateContactTest" tests="8" failures="0" timestamp="2021-06-25T09:57:25 IST" time="1038.848" errors="0">
  <testcase name="runVerifyContact" time="152.883" classname="testcases.CreateContactTest"/>
  <system-out/>
  <testcase name="runVerifyContact" time="123.431" classname="testcases.CreateContactTest"/>
  <system-out/>
  <testcase name="runVerifyContact" time="169.253" classname="testcases.CreateContactTest"/>
  <system-out/>
  <testcase name="runVerifyContact" time="86.110" classname="testcases.CreateContactTest"/>
  <system-out/>
  <testcase name="runVerifyContact" time="62.832" classname="testcases.CreateContactTest"/>
  <system-out/>
  <testcase name="runVerifyContact" time="124.332" classname="testcases.CreateContactTest"/>
  <system-out/>
  <testcase name="runVerifyContact" time="130.224" classname="testcases.CreateContactTest"/>
  <system-out/>
  <testcase name="runVerifyContact" time="189.783" classname="testcases.CreateContactTest"/>
  <system-out/>
</testsuite> <!-- testcases.CreateContactTest -->
