<?xml version="1.0" encoding="UTF-8"?>
<!-- Generated by org.testng.reporters.JUnitReportReporter -->
<testsuite skipped="0" hostname="VELINDIA" name="testcases.LoginTest" tests="2" failures="0" timestamp="2021-06-25T09:57:25 IST" time="45.153" errors="0">
  <testcase name="runVerifyHomePage" time="15.263" classname="testcases.LoginTest"/>
  <system-out/>
  <testcase name="runVerifyHomePage" time="29.890" classname="testcases.LoginTest"/>
  <system-out/>
</testsuite> <!-- testcases.LoginTest -->
