<?xml version="1.0" encoding="UTF-8"?>
<!-- Generated by org.testng.reporters.JUnitReportReporter -->
<testsuite skipped="0" hostname="VELINDIA" name="testcases.LoginPageFactoryTest" tests="1" failures="0" timestamp="2021-06-21T10:38:29 IST" time="12.626" errors="0">
  <testcase name="runLoginFactory" time="12.626" classname="testcases.LoginPageFactoryTest"/>
  <system-out/>
</testsuite> <!-- testcases.LoginPageFactoryTest -->
